<?xml version="1.0" encoding="UTF-8"?>
<coverage generated="1556576920936" clover="3.2.0">
  <project timestamp="1556576920936" name="All files">
    <metrics statements="107" coveredstatements="103" conditionals="18" coveredconditionals="16" methods="28" coveredmethods="28" elements="153" coveredelements="147" complexity="0" loc="107" ncloc="107" packages="1" files="19" classes="19"/>
    <file name="EncryptThis.ts" path="D:\TypeScript\katas\src\EncryptThis.ts">
      <metrics statements="15" coveredstatements="15" conditionals="0" coveredconditionals="0" methods="2" coveredmethods="2"/>
      <line num="1" count="1" type="stmt"/>
      <line num="2" count="1" type="stmt"/>
      <line num="3" count="6" type="stmt"/>
      <line num="4" count="6" type="stmt"/>
      <line num="5" count="6" type="stmt"/>
      <line num="6" count="43" type="stmt"/>
      <line num="8" count="6" type="stmt"/>
      <line num="11" count="1" type="stmt"/>
      <line num="12" count="47" type="stmt"/>
      <line num="13" count="47" type="stmt"/>
      <line num="14" count="47" type="stmt"/>
      <line num="15" count="47" type="stmt"/>
      <line num="18" count="35" type="stmt"/>
      <line num="20" count="9" type="stmt"/>
      <line num="22" count="3" type="stmt"/>
    </file>
    <file name="PrinterErrors.ts" path="D:\TypeScript\katas\src\PrinterErrors.ts">
      <metrics statements="7" coveredstatements="7" conditionals="4" coveredconditionals="4" methods="1" coveredmethods="1"/>
      <line num="2" count="1" type="stmt"/>
      <line num="4" count="3" type="stmt"/>
      <line num="5" count="3" type="stmt"/>
      <line num="6" count="181" type="cond" truecount="4" falsecount="0"/>
      <line num="7" count="20" type="stmt"/>
      <line num="10" count="3" type="stmt"/>
      <line num="12" count="1" type="stmt"/>
    </file>
    <file name="RemoveStringSpaces.ts" path="D:\TypeScript\katas\src\RemoveStringSpaces.ts">
      <metrics statements="5" coveredstatements="5" conditionals="0" coveredconditionals="0" methods="1" coveredmethods="1"/>
      <line num="1" count="1" type="stmt"/>
      <line num="2" count="3" type="stmt"/>
      <line num="3" count="92" type="stmt"/>
      <line num="5" count="60" type="stmt"/>
      <line num="14" count="3" type="stmt"/>
    </file>
    <file name="Repeater.ts" path="D:\TypeScript\katas\src\Repeater.ts">
      <metrics statements="2" coveredstatements="2" conditionals="0" coveredconditionals="0" methods="1" coveredmethods="1"/>
      <line num="2" count="1" type="stmt"/>
      <line num="12" count="3" type="stmt"/>
    </file>
    <file name="SumOfPositive.ts" path="D:\TypeScript\katas\src\SumOfPositive.ts">
      <metrics statements="2" coveredstatements="2" conditionals="0" coveredconditionals="0" methods="3" coveredmethods="3"/>
      <line num="1" count="1" type="stmt"/>
      <line num="10" count="20" type="stmt"/>
    </file>
    <file name="SumbyFactors.ts" path="D:\TypeScript\katas\src\SumbyFactors.ts">
      <metrics statements="13" coveredstatements="13" conditionals="2" coveredconditionals="2" methods="3" coveredmethods="3"/>
      <line num="1" count="1" type="stmt"/>
      <line num="6" count="1" type="stmt"/>
      <line num="9" count="1" type="stmt"/>
      <line num="10" count="2" type="stmt"/>
      <line num="11" count="2" type="stmt"/>
      <line num="13" count="4" type="stmt"/>
      <line num="16" count="2" type="stmt"/>
      <line num="18" count="1" type="stmt"/>
      <line num="19" count="69" type="stmt"/>
      <line num="20" count="69" type="stmt"/>
      <line num="22" count="267" type="stmt"/>
      <line num="26" count="25" type="stmt"/>
      <line num="27" count="44" type="stmt"/>
    </file>
    <file name="Summation.ts" path="D:\TypeScript\katas\src\Summation.ts">
      <metrics statements="5" coveredstatements="5" conditionals="0" coveredconditionals="0" methods="1" coveredmethods="1"/>
      <line num="1" count="1" type="stmt"/>
      <line num="2" count="1" type="stmt"/>
      <line num="3" count="1" type="stmt"/>
      <line num="4" count="8" type="stmt"/>
      <line num="6" count="1" type="stmt"/>
    </file>
    <file name="abbrevName.ts" path="D:\TypeScript\katas\src\abbrevName.ts">
      <metrics statements="2" coveredstatements="2" conditionals="0" coveredconditionals="0" methods="1" coveredmethods="1"/>
      <line num="1" count="1" type="stmt"/>
      <line num="2" count="3" type="stmt"/>
    </file>
    <file name="bestTravel.ts" path="D:\TypeScript\katas\src\bestTravel.ts">
      <metrics statements="3" coveredstatements="3" conditionals="0" coveredconditionals="0" methods="1" coveredmethods="1"/>
      <line num="1" count="1" type="stmt"/>
      <line num="2" count="2" type="stmt"/>
      <line num="8" count="2" type="stmt"/>
    </file>
    <file name="bmi.ts" path="D:\TypeScript\katas\src\bmi.ts">
      <metrics statements="8" coveredstatements="5" conditionals="4" coveredconditionals="2" methods="1" coveredmethods="1"/>
      <line num="1" count="1" type="stmt"/>
      <line num="2" count="1" type="stmt"/>
      <line num="3" count="1" type="stmt"/>
      <line num="5" count="0" type="stmt"/>
      <line num="7" count="1" type="stmt"/>
      <line num="9" count="0" type="stmt"/>
      <line num="11" count="0" type="stmt"/>
      <line num="13" count="1" type="stmt"/>
    </file>
    <file name="climbIn20years.ts" path="D:\TypeScript\katas\src\climbIn20years.ts">
      <metrics statements="10" coveredstatements="10" conditionals="0" coveredconditionals="0" methods="2" coveredmethods="2"/>
      <line num="1" count="1" type="stmt"/>
      <line num="2" count="1" type="stmt"/>
      <line num="3" count="7" type="stmt"/>
      <line num="4" count="7" type="stmt"/>
      <line num="6" count="1" type="stmt"/>
      <line num="9" count="1" type="stmt"/>
      <line num="10" count="10" type="stmt"/>
      <line num="11" count="476" type="stmt"/>
      <line num="12" count="476" type="stmt"/>
      <line num="14" count="10" type="stmt"/>
    </file>
    <file name="countPositivesSumNegatives.ts" path="D:\TypeScript\katas\src\countPositivesSumNegatives.ts">
      <metrics statements="11" coveredstatements="10" conditionals="2" coveredconditionals="2" methods="2" coveredmethods="2"/>
      <line num="3" count="1" type="stmt"/>
      <line num="5" count="2" type="stmt"/>
      <line num="6" count="2" type="stmt"/>
      <line num="7" count="2" type="stmt"/>
      <line num="8" count="2" type="stmt"/>
      <line num="10" count="18" type="stmt"/>
      <line num="12" count="9" type="stmt"/>
      <line num="15" count="2" type="stmt"/>
      <line num="16" count="2" type="stmt"/>
      <line num="17" count="2" type="stmt"/>
      <line num="19" count="0" type="stmt"/>
    </file>
    <file name="countSheep.ts" path="D:\TypeScript\katas\src\countSheep.ts">
      <metrics statements="3" coveredstatements="3" conditionals="0" coveredconditionals="0" methods="2" coveredmethods="2"/>
      <line num="1" count="1" type="stmt"/>
      <line num="7" count="3" type="stmt"/>
      <line num="9" count="6" type="stmt"/>
    </file>
    <file name="main.ts" path="D:\TypeScript\katas\src\main.ts">
      <metrics statements="1" coveredstatements="1" conditionals="0" coveredconditionals="0" methods="1" coveredmethods="1"/>
      <line num="1" count="2" type="stmt"/>
    </file>
    <file name="perimeterSquaresRectangle.ts" path="D:\TypeScript\katas\src\perimeterSquaresRectangle.ts">
      <metrics statements="11" coveredstatements="11" conditionals="0" coveredconditionals="0" methods="1" coveredmethods="1"/>
      <line num="1" count="1" type="stmt"/>
      <line num="2" count="4" type="stmt"/>
      <line num="3" count="4" type="stmt"/>
      <line num="4" count="4" type="stmt"/>
      <line num="5" count="4" type="stmt"/>
      <line num="6" count="4" type="stmt"/>
      <line num="7" count="4" type="stmt"/>
      <line num="8" count="4" type="stmt"/>
      <line num="9" count="58" type="stmt"/>
      <line num="10" count="58" type="stmt"/>
      <line num="12" count="4" type="stmt"/>
    </file>
    <file name="printArray.ts" path="D:\TypeScript\katas\src\printArray.ts">
      <metrics statements="2" coveredstatements="2" conditionals="0" coveredconditionals="0" methods="1" coveredmethods="1"/>
      <line num="1" count="1" type="stmt"/>
      <line num="3" count="2" type="stmt"/>
    </file>
    <file name="shortLongShort.ts" path="D:\TypeScript\katas\src\shortLongShort.ts">
      <metrics statements="2" coveredstatements="2" conditionals="2" coveredconditionals="2" methods="1" coveredmethods="1"/>
      <line num="1" count="1" type="stmt"/>
      <line num="9" count="4" type="cond" truecount="2" falsecount="0"/>
    </file>
    <file name="smallest.ts" path="D:\TypeScript\katas\src\smallest.ts">
      <metrics statements="3" coveredstatements="3" conditionals="2" coveredconditionals="2" methods="2" coveredmethods="2"/>
      <line num="1" count="1" type="stmt"/>
      <line num="12" count="24" type="cond" truecount="2" falsecount="0"/>
      <line num="13" count="3" type="stmt"/>
    </file>
    <file name="stringEndsWith.ts" path="D:\TypeScript\katas\src\stringEndsWith.ts">
      <metrics statements="2" coveredstatements="2" conditionals="2" coveredconditionals="2" methods="1" coveredmethods="1"/>
      <line num="1" count="1" type="stmt"/>
      <line num="13" count="4" type="cond" truecount="2" falsecount="0"/>
    </file>
  </project>
</coverage>
