{"D:\\TypeScript\\katas\\src\\EncryptThis.ts": {"path":"D:\\TypeScript\\katas\\src\\EncryptThis.ts","statementMap":{"0":{"start":{"line":1,"column":13},"end":{"line":9,"column":2}},"1":{"start":{"line":2,"column":22},"end":{"line":2,"column":34}},"2":{"start":{"line":3,"column":33},"end":{"line":3,"column":35}},"3":{"start":{"line":4,"column":4},"end":{"line":4,"column":33}},"4":{"start":{"line":5,"column":25},"end":{"line":5,"column":26}},"5":{"start":{"line":6,"column":8},"end":{"line":6,"column":57}},"6":{"start":{"line":8,"column":4},"end":{"line":8,"column":33}},"7":{"start":{"line":11,"column":13},"end":{"line":23,"column":2}},"8":{"start":{"line":12,"column":31},"end":{"line":12,"column":59}},"9":{"start":{"line":13,"column":31},"end":{"line":13,"column":37}},"10":{"start":{"line":14,"column":29},"end":{"line":14,"column":48}},"11":{"start":{"line":15,"column":34},"end":{"line":15,"column":66}},"12":{"start":{"line":18,"column":8},"end":{"line":18,"column":66}},"13":{"start":{"line":20,"column":8},"end":{"line":20,"column":57}},"14":{"start":{"line":22,"column":4},"end":{"line":22,"column":22}}},"fnMap":{"0":{"name":"(anonymous_0)","decl":{"start":{"line":1,"column":27},"end":{"line":1,"column":28}},"loc":{"start":{"line":1,"column":39},"end":{"line":9,"column":1}}},"1":{"name":"(anonymous_1)","decl":{"start":{"line":11,"column":31},"end":{"line":11,"column":32}},"loc":{"start":{"line":11,"column":43},"end":{"line":23,"column":1}}}},"branchMap":{},"s":{"0":1,"1":1,"2":6,"3":6,"4":6,"5":43,"6":6,"7":1,"8":47,"9":47,"10":47,"11":47,"12":35,"13":9,"14":3},"f":{"0":7,"1":47},"b":{}}
,"D:\\TypeScript\\katas\\src\\PrinterErrors.ts": {"path":"D:\\TypeScript\\katas\\src\\PrinterErrors.ts","statementMap":{"0":{"start":{"line":2,"column":0},"end":{"line":2,"column":62}},"1":{"start":{"line":4,"column":17},"end":{"line":4,"column":18}},"2":{"start":{"line":5,"column":4},"end":{"line":9,"column":5}},"3":{"start":{"line":5,"column":21},"end":{"line":5,"column":22}},"4":{"start":{"line":6,"column":8},"end":{"line":8,"column":9}},"5":{"start":{"line":7,"column":12},"end":{"line":7,"column":21}},"6":{"start":{"line":10,"column":4},"end":{"line":10,"column":57}},"7":{"start":{"line":12,"column":0},"end":{"line":12,"column":36}}},"fnMap":{"0":{"name":"printerError","decl":{"start":{"line":3,"column":9},"end":{"line":3,"column":21}},"loc":{"start":{"line":3,"column":25},"end":{"line":11,"column":1}},"line":3}},"branchMap":{"0":{"loc":{"start":{"line":6,"column":8},"end":{"line":8,"column":9}},"type":"if","locations":[{"start":{"line":6,"column":8},"end":{"line":8,"column":9}},{"start":{"line":6,"column":8},"end":{"line":8,"column":9}}],"line":6},"1":{"loc":{"start":{"line":6,"column":12},"end":{"line":6,"column":72}},"type":"binary-expr","locations":[{"start":{"line":6,"column":13},"end":{"line":6,"column":39}},{"start":{"line":6,"column":45},"end":{"line":6,"column":71}}],"line":6}},"s":{"0":1,"1":3,"2":3,"3":3,"4":181,"5":20,"6":3,"7":1},"f":{"0":3},"b":{"0":[20,161],"1":[181,20]},"_coverageSchema":"43e27e138ebf9cfc5966b082cf9a028302ed4184","hash":"e64342a34caf44e2fc8eb9bd844af82b92200c89"}
,"D:\\TypeScript\\katas\\src\\RemoveStringSpaces.ts": {"path":"D:\\TypeScript\\katas\\src\\RemoveStringSpaces.ts","statementMap":{"0":{"start":{"line":2,"column":30},"end":{"line":2,"column":32}},"1":{"start":{"line":3,"column":27},"end":{"line":3,"column":28}},"2":{"start":{"line":3,"column":23},"end":{"line":3,"column":27}},"3":{"start":{"line":5,"column":12},"end":{"line":5,"column":36}},"4":{"start":{"line":14,"column":4},"end":{"line":14,"column":23}},"5":{"start":{"line":1,"column":0},"end":{"line":1,"column":16}}},"fnMap":{"0":{"name":"noSpace","decl":{"start":{"line":1,"column":16},"end":{"line":1,"column":23}},"loc":{"start":{"line":1,"column":33},"end":{"line":17,"column":1}}}},"branchMap":{},"s":{"0":3,"1":6,"2":92,"3":60,"4":3,"5":1},"f":{"0":3},"b":{}}
,"D:\\TypeScript\\katas\\src\\Repeater.ts": {"path":"D:\\TypeScript\\katas\\src\\Repeater.ts","statementMap":{"0":{"start":{"line":12,"column":4},"end":{"line":12,"column":39}},"1":{"start":{"line":2,"column":0},"end":{"line":2,"column":16}}},"fnMap":{"0":{"name":"repeater","decl":{"start":{"line":2,"column":16},"end":{"line":2,"column":24}},"loc":{"start":{"line":2,"column":47},"end":{"line":13,"column":1}}}},"branchMap":{},"s":{"0":3,"1":1},"f":{"0":3},"b":{}}
,"D:\\TypeScript\\katas\\src\\SumOfPositive.ts": {"path":"D:\\TypeScript\\katas\\src\\SumOfPositive.ts","statementMap":{"0":{"start":{"line":10,"column":4},"end":{"line":10,"column":65}},"1":{"start":{"line":10,"column":28},"end":{"line":10,"column":34}},"2":{"start":{"line":10,"column":54},"end":{"line":10,"column":62}},"3":{"start":{"line":1,"column":0},"end":{"line":1,"column":16}}},"fnMap":{"0":{"name":"positiveSum","decl":{"start":{"line":1,"column":16},"end":{"line":1,"column":27}},"loc":{"start":{"line":1,"column":41},"end":{"line":11,"column":1}}},"1":{"name":"(anonymous_1)","decl":{"start":{"line":10,"column":23},"end":{"line":10,"column":24}},"loc":{"start":{"line":10,"column":24},"end":{"line":10,"column":29}}},"2":{"name":"(anonymous_2)","decl":{"start":{"line":10,"column":42},"end":{"line":10,"column":44}},"loc":{"start":{"line":10,"column":48},"end":{"line":10,"column":55}}}},"branchMap":{},"s":{"0":4,"1":20,"2":9,"3":1},"f":{"0":4,"1":20,"2":9},"b":{}}
,"D:\\TypeScript\\katas\\src\\SumbyFactors.ts": {"path":"D:\\TypeScript\\katas\\src\\SumbyFactors.ts","statementMap":{"0":{"start":{"line":6,"column":4},"end":{"line":6,"column":41}},"1":{"start":{"line":1,"column":0},"end":{"line":1,"column":16}},"2":{"start":{"line":10,"column":27},"end":{"line":10,"column":29}},"3":{"start":{"line":11,"column":25},"end":{"line":11,"column":26}},"4":{"start":{"line":13,"column":12},"end":{"line":13,"column":27}},"5":{"start":{"line":16,"column":4},"end":{"line":16,"column":18}},"6":{"start":{"line":9,"column":0},"end":{"line":9,"column":16}},"7":{"start":{"line":19,"column":28},"end":{"line":19,"column":29}},"8":{"start":{"line":20,"column":25},"end":{"line":20,"column":26}},"9":{"start":{"line":22,"column":12},"end":{"line":22,"column":24}},"10":{"start":{"line":26,"column":8},"end":{"line":26,"column":20}},"11":{"start":{"line":27,"column":13},"end":{"line":27,"column":26}},"12":{"start":{"line":18,"column":0},"end":{"line":18,"column":16}}},"fnMap":{"0":{"name":"sumOfDivided","decl":{"start":{"line":1,"column":16},"end":{"line":1,"column":28}},"loc":{"start":{"line":1,"column":42},"end":{"line":7,"column":1}}},"1":{"name":"factoresPrimos","decl":{"start":{"line":9,"column":16},"end":{"line":9,"column":30}},"loc":{"start":{"line":9,"column":45},"end":{"line":17,"column":1}}},"2":{"name":"esPrimo","decl":{"start":{"line":18,"column":16},"end":{"line":18,"column":23}},"loc":{"start":{"line":18,"column":38},"end":{"line":28,"column":1}}}},"branchMap":{"0":{"loc":{"start":{"line":12,"column":14},"end":{"line":12,"column":24}},"type":"binary-expr","locations":[{"start":{"line":12,"column":14},"end":{"line":12,"column":24}},{"start":{"line":12,"column":30},"end":{"line":12,"column":46}}]}},"s":{"0":1,"1":1,"2":2,"3":2,"4":4,"5":2,"6":1,"7":69,"8":69,"9":267,"10":25,"11":44,"12":1},"f":{"0":1,"1":2,"2":69},"b":{"0":[64,22]}}
,"D:\\TypeScript\\katas\\src\\Summation.ts": {"path":"D:\\TypeScript\\katas\\src\\Summation.ts","statementMap":{"0":{"start":{"line":2,"column":22},"end":{"line":2,"column":23}},"1":{"start":{"line":3,"column":26},"end":{"line":3,"column":27}},"2":{"start":{"line":4,"column":8},"end":{"line":4,"column":17}},"3":{"start":{"line":6,"column":4},"end":{"line":6,"column":15}},"4":{"start":{"line":1,"column":0},"end":{"line":1,"column":17}}},"fnMap":{"0":{"name":"Summation","decl":{"start":{"line":1,"column":17},"end":{"line":1,"column":26}},"loc":{"start":{"line":1,"column":38},"end":{"line":7,"column":1}}}},"branchMap":{},"s":{"0":1,"1":1,"2":8,"3":1,"4":1},"f":{"0":1},"b":{}}
,"D:\\TypeScript\\katas\\src\\abbrevName.ts": {"path":"D:\\TypeScript\\katas\\src\\abbrevName.ts","statementMap":{"0":{"start":{"line":2,"column":4},"end":{"line":2,"column":106}},"1":{"start":{"line":1,"column":0},"end":{"line":1,"column":16}}},"fnMap":{"0":{"name":"abbrevName","decl":{"start":{"line":1,"column":16},"end":{"line":1,"column":26}},"loc":{"start":{"line":1,"column":39},"end":{"line":3,"column":1}}}},"branchMap":{},"s":{"0":3,"1":1},"f":{"0":3},"b":{}}
,"D:\\TypeScript\\katas\\src\\bestTravel.ts": {"path":"D:\\TypeScript\\katas\\src\\bestTravel.ts","statementMap":{"0":{"start":{"line":2,"column":29},"end":{"line":2,"column":33}},"1":{"start":{"line":8,"column":4},"end":{"line":8,"column":13}},"2":{"start":{"line":1,"column":0},"end":{"line":1,"column":16}}},"fnMap":{"0":{"name":"chooseBestSum","decl":{"start":{"line":1,"column":16},"end":{"line":1,"column":29}},"loc":{"start":{"line":1,"column":64},"end":{"line":9,"column":1}}}},"branchMap":{},"s":{"0":2,"1":2,"2":1},"f":{"0":2},"b":{}}
,"D:\\TypeScript\\katas\\src\\bmi.ts": {"path":"D:\\TypeScript\\katas\\src\\bmi.ts","statementMap":{"0":{"start":{"line":2,"column":30},"end":{"line":2,"column":58}},"1":{"start":{"line":3,"column":28},"end":{"line":3,"column":30}},"2":{"start":{"line":5,"column":8},"end":{"line":5,"column":34}},"3":{"start":{"line":7,"column":8},"end":{"line":7,"column":29}},"4":{"start":{"line":9,"column":8},"end":{"line":9,"column":33}},"5":{"start":{"line":11,"column":8},"end":{"line":11,"column":28}},"6":{"start":{"line":13,"column":4},"end":{"line":13,"column":21}},"7":{"start":{"line":1,"column":0},"end":{"line":1,"column":16}}},"fnMap":{"0":{"name":"bmi","decl":{"start":{"line":1,"column":16},"end":{"line":1,"column":19}},"loc":{"start":{"line":1,"column":50},"end":{"line":14,"column":1}}}},"branchMap":{"0":{"loc":{"start":{"line":6,"column":16},"end":{"line":6,"column":32}},"type":"binary-expr","locations":[{"start":{"line":6,"column":16},"end":{"line":6,"column":32}},{"start":{"line":6,"column":39},"end":{"line":6,"column":56}}]},"1":{"loc":{"start":{"line":8,"column":16},"end":{"line":8,"column":32}},"type":"binary-expr","locations":[{"start":{"line":8,"column":16},"end":{"line":8,"column":32}},{"start":{"line":8,"column":39},"end":{"line":8,"column":56}}]}},"s":{"0":1,"1":1,"2":0,"3":1,"4":0,"5":0,"6":1,"7":1},"f":{"0":1},"b":{"0":[1,1],"1":[0,0]}}
,"D:\\TypeScript\\katas\\src\\climbIn20years.ts": {"path":"D:\\TypeScript\\katas\\src\\climbIn20years.ts","statementMap":{"0":{"start":{"line":2,"column":27},"end":{"line":2,"column":28}},"1":{"start":{"line":3,"column":27},"end":{"line":3,"column":33}},"2":{"start":{"line":3,"column":23},"end":{"line":3,"column":27}},"3":{"start":{"line":4,"column":8},"end":{"line":4,"column":40}},"4":{"start":{"line":6,"column":4},"end":{"line":6,"column":25}},"5":{"start":{"line":1,"column":0},"end":{"line":1,"column":16}},"6":{"start":{"line":10,"column":29},"end":{"line":10,"column":30}},"7":{"start":{"line":11,"column":27},"end":{"line":11,"column":38}},"8":{"start":{"line":11,"column":23},"end":{"line":11,"column":27}},"9":{"start":{"line":12,"column":8},"end":{"line":12,"column":31}},"10":{"start":{"line":14,"column":4},"end":{"line":14,"column":22}},"11":{"start":{"line":9,"column":0},"end":{"line":9,"column":16}}},"fnMap":{"0":{"name":"stairsIn20","decl":{"start":{"line":1,"column":16},"end":{"line":1,"column":26}},"loc":{"start":{"line":1,"column":40},"end":{"line":7,"column":1}}},"1":{"name":"sumaArray","decl":{"start":{"line":9,"column":16},"end":{"line":9,"column":25}},"loc":{"start":{"line":9,"column":47},"end":{"line":15,"column":1}}}},"branchMap":{},"s":{"0":1,"1":2,"2":7,"3":7,"4":1,"5":1,"6":10,"7":20,"8":476,"9":476,"10":10,"11":1},"f":{"0":1,"1":10},"b":{}}
,"D:\\TypeScript\\katas\\src\\countPositivesSumNegatives.ts": {"path":"D:\\TypeScript\\katas\\src\\countPositivesSumNegatives.ts","statementMap":{"0":{"start":{"line":5,"column":28},"end":{"line":5,"column":29}},"1":{"start":{"line":6,"column":26},"end":{"line":6,"column":27}},"2":{"start":{"line":7,"column":31},"end":{"line":7,"column":37}},"3":{"start":{"line":8,"column":8},"end":{"line":14,"column":11}},"4":{"start":{"line":10,"column":14},"end":{"line":10,"column":22}},"5":{"start":{"line":12,"column":14},"end":{"line":12,"column":23}},"6":{"start":{"line":15,"column":8},"end":{"line":15,"column":26}},"7":{"start":{"line":16,"column":8},"end":{"line":16,"column":24}},"8":{"start":{"line":17,"column":8},"end":{"line":17,"column":22}},"9":{"start":{"line":19,"column":8},"end":{"line":19,"column":18}},"10":{"start":{"line":3,"column":0},"end":{"line":3,"column":16}}},"fnMap":{"0":{"name":"countPositivesSumNegatives","decl":{"start":{"line":3,"column":16},"end":{"line":3,"column":42}},"loc":{"start":{"line":3,"column":60},"end":{"line":21,"column":1}}},"1":{"name":"(anonymous_1)","decl":{"start":{"line":8,"column":25},"end":{"line":8,"column":26}},"loc":{"start":{"line":8,"column":27},"end":{"line":14,"column":9}}}},"branchMap":{"0":{"loc":{"start":{"line":4,"column":10},"end":{"line":4,"column":24}},"type":"binary-expr","locations":[{"start":{"line":4,"column":10},"end":{"line":4,"column":24}},{"start":{"line":4,"column":30},"end":{"line":4,"column":46}}]}},"s":{"0":2,"1":2,"2":2,"3":2,"4":18,"5":9,"6":2,"7":2,"8":2,"9":0,"10":1},"f":{"0":2,"1":29},"b":{"0":[2,2]}}
,"D:\\TypeScript\\katas\\src\\countSheep.ts": {"path":"D:\\TypeScript\\katas\\src\\countSheep.ts","statementMap":{"0":{"start":{"line":7,"column":2},"end":{"line":10,"column":14}},"1":{"start":{"line":9,"column":19},"end":{"line":9,"column":39}},"2":{"start":{"line":1,"column":0},"end":{"line":1,"column":16}}},"fnMap":{"0":{"name":"countSheep","decl":{"start":{"line":1,"column":16},"end":{"line":1,"column":26}},"loc":{"start":{"line":1,"column":38},"end":{"line":11,"column":1}}},"1":{"name":"(anonymous_1)","decl":{"start":{"line":9,"column":9},"end":{"line":9,"column":10}},"loc":{"start":{"line":9,"column":14},"end":{"line":9,"column":22}}}},"branchMap":{},"s":{"0":3,"1":6,"2":1},"f":{"0":3,"1":6},"b":{}}
,"D:\\TypeScript\\katas\\src\\main.ts": {"path":"D:\\TypeScript\\katas\\src\\main.ts","statementMap":{"0":{"start":{"line":1,"column":13},"end":{"line":1,"column":71}},"1":{"start":{"line":1,"column":48},"end":{"line":1,"column":71}}},"fnMap":{"0":{"name":"(anonymous_0)","decl":{"start":{"line":1,"column":30},"end":{"line":1,"column":31}},"loc":{"start":{"line":1,"column":43},"end":{"line":1,"column":59}}}},"branchMap":{},"s":{"0":1,"1":2},"f":{"0":2},"b":{}}
,"D:\\TypeScript\\katas\\src\\perimeterSquaresRectangle.ts": {"path":"D:\\TypeScript\\katas\\src\\perimeterSquaresRectangle.ts","statementMap":{"0":{"start":{"line":2,"column":33},"end":{"line":2,"column":35}},"1":{"start":{"line":3,"column":23},"end":{"line":3,"column":24}},"2":{"start":{"line":4,"column":22},"end":{"line":4,"column":24}},"3":{"start":{"line":5,"column":4},"end":{"line":5,"column":22}},"4":{"start":{"line":6,"column":4},"end":{"line":6,"column":22}},"5":{"start":{"line":7,"column":4},"end":{"line":7,"column":41}},"6":{"start":{"line":8,"column":25},"end":{"line":8,"column":26}},"7":{"start":{"line":9,"column":8},"end":{"line":9,"column":62}},"8":{"start":{"line":10,"column":8},"end":{"line":10,"column":30}},"9":{"start":{"line":12,"column":4},"end":{"line":12,"column":20}},"10":{"start":{"line":1,"column":0},"end":{"line":1,"column":16}}},"fnMap":{"0":{"name":"perimeter","decl":{"start":{"line":1,"column":16},"end":{"line":1,"column":25}},"loc":{"start":{"line":1,"column":41},"end":{"line":13,"column":1}}}},"branchMap":{},"s":{"0":4,"1":4,"2":4,"3":4,"4":4,"5":4,"6":4,"7":58,"8":58,"9":4,"10":1},"f":{"0":4},"b":{}}
,"D:\\TypeScript\\katas\\src\\printArray.ts": {"path":"D:\\TypeScript\\katas\\src\\printArray.ts","statementMap":{"0":{"start":{"line":3,"column":4},"end":{"line":3,"column":36}},"1":{"start":{"line":1,"column":0},"end":{"line":1,"column":16}}},"fnMap":{"0":{"name":"printArray","decl":{"start":{"line":1,"column":16},"end":{"line":1,"column":26}},"loc":{"start":{"line":1,"column":53},"end":{"line":4,"column":1}}}},"branchMap":{},"s":{"0":2,"1":1},"f":{"0":2},"b":{}}
,"D:\\TypeScript\\katas\\src\\shortLongShort.ts": {"path":"D:\\TypeScript\\katas\\src\\shortLongShort.ts","statementMap":{"0":{"start":{"line":9,"column":4},"end":{"line":9,"column":55}},"1":{"start":{"line":1,"column":0},"end":{"line":1,"column":16}}},"fnMap":{"0":{"name":"shortLongShort","decl":{"start":{"line":1,"column":16},"end":{"line":1,"column":30}},"loc":{"start":{"line":1,"column":51},"end":{"line":10,"column":1}}}},"branchMap":{"0":{"loc":{"start":{"line":9,"column":33},"end":{"line":9,"column":42}},"type":"cond-expr","locations":[{"start":{"line":9,"column":33},"end":{"line":9,"column":42}},{"start":{"line":9,"column":45},"end":{"line":9,"column":54}}]}},"s":{"0":4,"1":1},"f":{"0":4},"b":{"0":[2,2]}}
,"D:\\TypeScript\\katas\\src\\smallest.ts": {"path":"D:\\TypeScript\\katas\\src\\smallest.ts","statementMap":{"0":{"start":{"line":12,"column":2},"end":{"line":12,"column":38}},"1":{"start":{"line":12,"column":22},"end":{"line":12,"column":37}},"2":{"start":{"line":13,"column":2},"end":{"line":13,"column":17}},"3":{"start":{"line":1,"column":0},"end":{"line":1,"column":16}}},"fnMap":{"0":{"name":"findSmallestInt","decl":{"start":{"line":1,"column":16},"end":{"line":1,"column":31}},"loc":{"start":{"line":1,"column":46},"end":{"line":14,"column":1}}},"1":{"name":"(anonymous_1)","decl":{"start":{"line":12,"column":12},"end":{"line":12,"column":13}},"loc":{"start":{"line":12,"column":17},"end":{"line":12,"column":23}}}},"branchMap":{"0":{"loc":{"start":{"line":12,"column":30},"end":{"line":12,"column":31}},"type":"cond-expr","locations":[{"start":{"line":12,"column":30},"end":{"line":12,"column":31}},{"start":{"line":12,"column":34},"end":{"line":12,"column":36}}]}},"s":{"0":3,"1":24,"2":3,"3":1},"f":{"0":3,"1":24},"b":{"0":[18,6]}}
,"D:\\TypeScript\\katas\\src\\stringEndsWith.ts": {"path":"D:\\TypeScript\\katas\\src\\stringEndsWith.ts","statementMap":{"0":{"start":{"line":13,"column":2},"end":{"line":13,"column":78}},"1":{"start":{"line":1,"column":0},"end":{"line":1,"column":16}}},"fnMap":{"0":{"name":"solution","decl":{"start":{"line":1,"column":16},"end":{"line":1,"column":24}},"loc":{"start":{"line":1,"column":52},"end":{"line":14,"column":1}}}},"branchMap":{"0":{"loc":{"start":{"line":13,"column":9},"end":{"line":13,"column":36}},"type":"binary-expr","locations":[{"start":{"line":13,"column":9},"end":{"line":13,"column":36}},{"start":{"line":13,"column":40},"end":{"line":13,"column":77}}]}},"s":{"0":4,"1":1},"f":{"0":4},"b":{"0":[4,4]}}
}
