TN:
SF:D:\TypeScript\katas\src\EncryptThis.ts
FN:1,(anonymous_0)
FN:11,(anonymous_1)
FNF:2
FNH:2
FNDA:7,(anonymous_0)
FNDA:47,(anonymous_1)
DA:1,1
DA:2,1
DA:3,6
DA:4,6
DA:5,6
DA:6,43
DA:8,6
DA:11,1
DA:12,47
DA:13,47
DA:14,47
DA:15,47
DA:18,35
DA:20,9
DA:22,3
LF:15
LH:15
BRF:0
BRH:0
end_of_record
TN:
SF:D:\TypeScript\katas\src\RemoveStringSpaces.ts
FN:1,noSpace
FNF:1
FNH:1
FNDA:3,noSpace
DA:1,1
DA:2,3
DA:3,92
DA:5,60
DA:14,3
LF:5
LH:5
BRF:0
BRH:0
end_of_record
TN:
SF:D:\TypeScript\katas\src\Repeater.ts
FN:2,repeater
FNF:1
FNH:1
FNDA:3,repeater
DA:2,1
DA:12,3
LF:2
LH:2
BRF:0
BRH:0
end_of_record
TN:
SF:D:\TypeScript\katas\src\SumOfPositive.ts
FN:1,positiveSum
FN:10,(anonymous_1)
FN:10,(anonymous_2)
FNF:3
FNH:3
FNDA:4,positiveSum
FNDA:20,(anonymous_1)
FNDA:9,(anonymous_2)
DA:1,1
DA:10,20
LF:2
LH:2
BRF:0
BRH:0
end_of_record
TN:
SF:D:\TypeScript\katas\src\Summation.ts
FN:1,Summation
FNF:1
FNH:1
FNDA:1,Summation
DA:1,1
DA:2,1
DA:3,1
DA:4,8
DA:6,1
LF:5
LH:5
BRF:0
BRH:0
end_of_record
TN:
SF:D:\TypeScript\katas\src\abbrevName.ts
FN:1,abbrevName
FNF:1
FNH:1
FNDA:3,abbrevName
DA:1,1
DA:2,3
LF:2
LH:2
BRF:0
BRH:0
end_of_record
TN:
SF:D:\TypeScript\katas\src\countPositivesSumNegatives.ts
FN:3,countPositivesSumNegatives
FN:8,(anonymous_1)
FNF:2
FNH:2
FNDA:2,countPositivesSumNegatives
FNDA:29,(anonymous_1)
DA:3,1
DA:5,2
DA:6,2
DA:7,2
DA:8,2
DA:10,18
DA:12,9
DA:15,2
DA:16,2
DA:17,2
DA:19,0
LF:11
LH:10
BRDA:4,0,0,2
BRDA:4,0,1,2
BRF:2
BRH:2
end_of_record
TN:
SF:D:\TypeScript\katas\src\main.ts
FN:1,(anonymous_0)
FNF:1
FNH:1
FNDA:2,(anonymous_0)
DA:1,2
LF:1
LH:1
BRF:0
BRH:0
end_of_record
TN:
SF:D:\TypeScript\katas\src\perimeterSquaresRectangle.ts
FN:1,perimeter
FNF:1
FNH:1
FNDA:4,perimeter
DA:1,1
DA:2,4
DA:3,4
DA:4,4
DA:5,4
DA:6,4
DA:7,4
DA:8,4
DA:9,58
DA:10,58
DA:12,4
LF:11
LH:11
BRF:0
BRH:0
end_of_record
TN:
SF:D:\TypeScript\katas\src\printArray.ts
FN:1,printArray
FNF:1
FNH:1
FNDA:2,printArray
DA:1,1
DA:3,2
LF:2
LH:2
BRF:0
BRH:0
end_of_record
TN:
SF:D:\TypeScript\katas\src\stringEndsWith.ts
FN:1,solution
FNF:1
FNH:1
FNDA:4,solution
DA:1,1
DA:13,4
LF:2
LH:2
BRDA:13,0,0,4
BRDA:13,0,1,4
BRF:2
BRH:2
end_of_record
